New Session with Version 1.0 - Started at Fri Nov 04 16:07:43 -0400 2011
New Session with Version 1.0 - Started at Wed Apr 11 15:43:29 -0400 2012
New Session with Version 1.0 - Started at Mon Feb 24 20:55:02 -0600 2014
New Session with Version 1.0 - Started at Tue Feb 25 20:58:56 -0600 2014
Item error: inspect item timed out
Shops counted: 25
Interior rooms counted: 50
Containers counted: 77
Items counted: 620
Starting upload to lichproject.org...
Finished upload to lichproject.org (0:00:08)
Starting upload to virilneus.com
Uploading XML: Attempt number 1
Finished upload to virilneus.com (0:00:03)
Session Exit with Version 1.0 - At Tue Feb 25 21:12:06 -0600 2014
New Session with Version 1.0 - Started at Tue Feb 25 21:12:43 -0600 2014
Item error: inspect item timed out
Shops counted: 25
Interior rooms counted: 50
Containers counted: 77
Items counted: 620
Starting upload to lichproject.org...
Finished upload to lichproject.org (0:00:01)
Starting upload to virilneus.com
Uploading XML: Attempt number 1
Finished upload to virilneus.com (0:00:02)
Session Exit with Version 1.0 - At Tue Feb 25 21:25:27 -0600 2014
