New Session with Version 1.0 - Started at Wed May 29 12:43:20 -0500 2013
Item error: inspect item timed out
Item error: inspect item timed out
Item error: inspect item timed out
Item error: inspect item timed out
Item error: inspect item timed out
Item error: inspect item timed out
Item error: inspect item timed out
Error: Attempt to enter shop - store - failed, removing shop from list and moving on.
Error: Attempt to enter shop - building - failed, removing shop from list and moving on.
Item error: inspect item timed out
Item error: inspect item timed out
Error: Attempt to enter shop - cottage - failed, removing shop from list and moving on.
Item error: inspect item timed out
Item error: inspect item timed out
Item error: inspect item timed out
Item error: inspect item timed out
Item error: inspect item timed out
Item error: inspect item timed out
Item error: inspect item timed out
Error: Attempt to enter shop - emblem - failed, removing shop from list and moving on.
Item error: inspect item timed out
Item error: inspect item timed out
Item error: inspect item timed out
Item error: inspect item timed out
Item error: inspect item timed out
Item error: inspect item timed out
Item error: inspect item timed out
Error: Attempt to enter shop - boutique - failed, removing shop from list and moving on.
Item error: inspect item timed out
Shops counted: 196
Interior rooms counted: 494
Containers counted: 841
Items counted: 6350
Starting upload to lichproject.org...
Finished upload to lichproject.org (0:00:14)
Starting upload to virilneus.com
Uploading XML: Attempt number 1
Finished upload to virilneus.com (0:00:48)
Session Exit with Version 1.0 - At Wed May 29 14:39:55 -0500 2013
New Session with Version 1.0 - Started at Fri May 31 11:30:31 -0500 2013
Item error: inspect item timed out
Item error: inspect item timed out
Item error: inspect item timed out
Item error: inspect item timed out
Item error: inspect item timed out
Item error: inspect item timed out
Item error: inspect item timed out
Error: Attempt to enter shop - store - failed, removing shop from list and moving on.
Error: Attempt to enter shop - building - failed, removing shop from list and moving on.
Item error: inspect item timed out
Item error: inspect item timed out
Error: Attempt to enter shop - cottage - failed, removing shop from list and moving on.
Item error: inspect item timed out
Item error: inspect item timed out
Item error: inspect item timed out
Item error: inspect item timed out
Item error: inspect item timed out
Item error: inspect item timed out
Item error: inspect item timed out
Item error: inspect item timed out
Item error: inspect item timed out
Item error: inspect item timed out
Item error: inspect item timed out
Item error: inspect item timed out
Item error: inspect item timed out
Error: Attempt to enter shop - boutique - failed, removing shop from list and moving on.
Item error: inspect item timed out
Shops counted: 196
Interior rooms counted: 494
Containers counted: 841
Items counted: 6354
Starting upload to lichproject.org...
Finished upload to lichproject.org (0:00:04)
Starting upload to virilneus.com
Uploading XML: Attempt number 1
Finished upload to virilneus.com (0:00:46)
Session Exit with Version 1.0 - At Fri May 31 13:28:20 -0500 2013
New Session with Version 1.0 - Started at Thu Mar 06 17:03:20 -0600 2014
Item error: inspect item timed out
Item error: inspect item timed out
Item error: inspect item timed out
Item error: inspect item timed out
Item error: inspect item timed out
Item error: inspect item timed out
Item error: inspect item timed out
Error: Attempt to enter shop - store - failed, removing shop from list and moving on.
Error: Attempt to enter shop - building - failed, removing shop from list and moving on.
Item error: inspect item timed out
Item error: inspect item timed out
Item error: inspect item timed out
Item error: inspect item timed out
Item error: inspect item timed out
Item error: inspect item timed out
Item error: inspect item timed out
Item error: inspect item timed out
Item error: inspect item timed out
Item error: inspect item timed out
Item error: inspect item timed out
Item error: inspect item timed out
Item error: inspect item timed out
Item error: inspect item timed out
Item error: inspect item timed out
Item error: inspect item timed out
Item error: inspect item timed out
Item error: inspect item timed out
Error: Attempt to enter shop - boutique - failed, removing shop from list and moving on.
Item error: inspect item timed out
Shops counted: 197
Interior rooms counted: 496
Containers counted: 837
Items counted: 6279
Starting upload to lichproject.org...
Finished upload to lichproject.org (0:00:05)
Starting upload to virilneus.com
Uploading XML: Attempt number 1
New Session with Version 1.0 - Started at Sun Mar 30 13:35:30 -0500 2014
Item error: inspect item timed out
Item error: inspect item timed out
Item error: inspect item timed out
Item error: inspect item timed out
Item error: inspect item timed out
Item error: inspect item timed out
Error: Attempt to enter shop - store - failed, removing shop from list and moving on.
Error: Attempt to enter shop - building - failed, removing shop from list and moving on.
Item error: inspect item timed out
Item error: inspect item timed out
Item error: inspect item timed out
Item error: inspect item timed out
Item error: inspect item timed out
Item error: inspect item timed out
Item error: inspect item timed out
Item error: inspect item timed out
Item error: inspect item timed out
Item error: inspect item timed out
Item error: inspect item timed out
Item error: inspect item timed out
Item error: inspect item timed out
Item error: inspect item timed out
Item error: inspect item timed out
Item error: inspect item timed out
Item error: inspect item timed out
Item error: inspect item timed out
Error: Attempt to enter shop - boutique - failed, removing shop from list and moving on.
Item error: inspect item timed out
Shops counted: 197
Interior rooms counted: 496
Containers counted: 837
Items counted: 6310
Starting upload to lichproject.org...
Finished upload to lichproject.org (0:00:11)
Starting upload to virilneus.com
Uploading XML: Attempt number 1
A connection attempt failed because the connected party did not properly respond after a period of time, or established connection failed because connected host has failed to respond. - connect(2)
Sleeping 10 seconds and trying again.
Uploading XML: Attempt number 2
A connection attempt failed because the connected party did not properly respond after a period of time, or established connection failed because connected host has failed to respond. - connect(2)
Sleeping 10 seconds and trying again.
Uploading XML: Attempt number 3
A connection attempt failed because the connected party did not properly respond after a period of time, or established connection failed because connected host has failed to respond. - connect(2)
Sleeping 10 seconds and trying again.
Uploading XML: Attempt number 4
A connection attempt failed because the connected party did not properly respond after a period of time, or established connection failed because connected host has failed to respond. - connect(2)
Sleeping 10 seconds and trying again.
Finished upload to virilneus.com (0:02:12)
Session Exit with Version 1.0 - At Sun Mar 30 15:38:35 -0500 2014
