New Session with Version 1.0 - Started at Sat Sep 24 14:40:39 -0400 2011
New Session with Version 1.0 - Started at Sat Sep 24 14:40:46 -0400 2011
New Session with Version 1.0 - Started at Sat Sep 24 14:40:50 -0400 2011
New Session with Version 1.0 - Started at Sat Sep 24 14:41:27 -0400 2011
New Session with Version 1.0 - Started at Wed Nov 16 00:58:16 -0500 2011
New Session with Version 1.0 - Started at Wed Nov 16 00:58:46 -0500 2011
Item error: inspect item timed out
New Session with Version 1.0 - Started at Wed Nov 16 01:44:48 -0500 2011
Item error: inspect item timed out
Item error: inspect item timed out
Item error: inspect item timed out
Item error: inspect item timed out
Item error: inspect item timed out
Item error: inspect item timed out
Error: Attempt to enter shop - store - failed, removing shop from list and moving on.
Item error: inspect item timed out
Error: Attempt to enter shop - building - failed, removing shop from list and moving on.
Item error: inspect item timed out
Item error: inspect item timed out
Item error: inspect item timed out
Item error: inspect item timed out
Error: Attempt to enter shop - boutique - failed, removing shop from list and moving on.
Item error: inspect item timed out
Shops counted: 197
Interior rooms counted: 492
Containers counted: 844
Items counted: 6515
Starting upload to lichproject.org...
Finished upload to lichproject.org (0:00:19)
Starting upload to virilneus.com
Uploading XML: Attempt number 1
Finished upload to virilneus.com (0:02:08)
Session Exit with Version 1.0 - At Wed Nov 16 03:57:15 -0500 2011
New Session with Version 1.0 - Started at Wed Mar 28 21:13:16 -0400 2012
Item error: inspect item timed out
Item error: inspect item timed out
Item error: inspect item timed out
Item error: inspect item timed out
Item error: inspect item timed out
Item error: inspect item timed out
Item error: inspect item timed out
Item error: inspect item timed out
Error: Attempt to enter shop - store - failed, removing shop from list and moving on.
New Session with Version 1.0 - Started at Sun Oct 07 18:52:27 -0500 2012
Item error: inspect item timed out
Item error: inspect item timed out
Item error: inspect item timed out
Item error: inspect item timed out
Item error: inspect item timed out
Error: Attempt to enter shop - store - failed, removing shop from list and moving on.
Error: Attempt to enter shop - building - failed, removing shop from list and moving on.
Error: Attempt to enter shop - building - failed, removing shop from list and moving on.
Item error: inspect item timed out
Item error: inspect item timed out
Item error: inspect item timed out
Item error: inspect item timed out
Item error: inspect item timed out
Error: Attempt to enter shop - boutique - failed, removing shop from list and moving on.
Item error: inspect item timed out
Item error: inspect item timed out
Shops counted: 196
Interior rooms counted: 489
Containers counted: 836
Items counted: 6160
Starting upload to lichproject.org...
Finished upload to lichproject.org (0:00:09)
Starting upload to virilneus.com
Uploading XML: Attempt number 1
Finished upload to virilneus.com (0:00:49)
Session Exit with Version 1.0 - At Sun Oct 07 21:09:30 -0500 2012
New Session with Version 1.0 - Started at Sat Mar 01 13:51:02 -0600 2014
Item error: inspect item timed out
Item error: inspect item timed out
Item error: inspect item timed out
Item error: inspect item timed out
Item error: inspect item timed out
Item error: inspect item timed out
Item error: inspect item timed out
Error: Attempt to enter shop - store - failed, removing shop from list and moving on.
Error: Attempt to enter shop - building - failed, removing shop from list and moving on.
